[0.014s] Invoking command in '/home/steven/dev_ws/src/my_package2/build/my_package2': CMAKE_PREFIX_PATH=/opt/ros/humble /usr/bin/cmake /home/steven/dev_ws/src/my_package2 -DCMAKE_INSTALL_PREFIX=/home/steven/dev_ws/src/my_package2/install/my_package2
[0.094s] -- The C compiler identification is GNU 11.2.0
[0.168s] -- The CXX compiler identification is GNU 11.2.0
[0.176s] -- Detecting C compiler ABI info
[0.244s] -- Detecting C compiler ABI info - done
[0.252s] -- Check for working C compiler: /usr/bin/cc - skipped
[0.252s] -- Detecting C compile features
[0.253s] -- Detecting C compile features - done
[0.257s] -- Detecting CXX compiler ABI info
[0.328s] -- Detecting CXX compiler ABI info - done
[0.337s] -- Check for working CXX compiler: /usr/bin/c++ - skipped
[0.337s] -- Detecting CXX compile features
[0.337s] -- Detecting CXX compile features - done
[0.340s] -- Found ament_cmake: 1.3.2 (/opt/ros/humble/share/ament_cmake/cmake)
[0.483s] -- Found Python3: /usr/bin/python3.10 (found version "3.10.4") found components: Interpreter 
[0.563s] -- Found ament_lint_auto: 0.12.4 (/opt/ros/humble/share/ament_lint_auto/cmake)
[0.638s] -- Added test 'cppcheck' to perform static code analysis on C / C++ code
[0.638s] -- Configured cppcheck include dirs: 
[0.638s] -- Configured cppcheck exclude dirs and/or files: 
[0.639s] -- Added test 'flake8' to check Python code syntax and style conventions
[0.641s] -- Added test 'lint_cmake' to check CMake code style
[0.642s] -- Added test 'pep257' to check Python code against some of the docstring style conventions in PEP 257
[0.648s] -- Added test 'uncrustify' to check C / C++ code style
[0.649s] -- Configured uncrustify additional arguments: 
[0.650s] -- Added test 'xmllint' to check XML markup files
[0.652s] -- Configuring done
[0.656s] -- Generating done
[0.658s] -- Build files have been written to: /home/steven/dev_ws/src/my_package2/build/my_package2
[0.664s] Invoked command in '/home/steven/dev_ws/src/my_package2/build/my_package2' returned '0': CMAKE_PREFIX_PATH=/opt/ros/humble /usr/bin/cmake /home/steven/dev_ws/src/my_package2 -DCMAKE_INSTALL_PREFIX=/home/steven/dev_ws/src/my_package2/install/my_package2
[0.667s] Invoking command in '/home/steven/dev_ws/src/my_package2/build/my_package2': CMAKE_PREFIX_PATH=/opt/ros/humble /usr/bin/cmake --build /home/steven/dev_ws/src/my_package2/build/my_package2 -- -j8 -l8
[0.699s] Invoked command in '/home/steven/dev_ws/src/my_package2/build/my_package2' returned '0': CMAKE_PREFIX_PATH=/opt/ros/humble /usr/bin/cmake --build /home/steven/dev_ws/src/my_package2/build/my_package2 -- -j8 -l8
[0.725s] Invoking command in '/home/steven/dev_ws/src/my_package2/build/my_package2': CMAKE_PREFIX_PATH=/opt/ros/humble /usr/bin/cmake --install /home/steven/dev_ws/src/my_package2/build/my_package2
[0.732s] -- Install configuration: ""
[0.732s] -- Installing: /home/steven/dev_ws/src/my_package2/install/my_package2/share/my_package2/launch
[0.732s] -- Installing: /home/steven/dev_ws/src/my_package2/install/my_package2/share/my_package2/launch/talker.launch.py
[0.732s] -- Installing: /home/steven/dev_ws/src/my_package2/install/my_package2/share/my_package2/launch/listener.launch.py
[0.732s] -- Installing: /home/steven/dev_ws/src/my_package2/install/my_package2/share/ament_index/resource_index/package_run_dependencies/my_package2
[0.733s] -- Installing: /home/steven/dev_ws/src/my_package2/install/my_package2/share/ament_index/resource_index/parent_prefix_path/my_package2
[0.733s] -- Installing: /home/steven/dev_ws/src/my_package2/install/my_package2/share/my_package2/environment/ament_prefix_path.sh
[0.733s] -- Installing: /home/steven/dev_ws/src/my_package2/install/my_package2/share/my_package2/environment/ament_prefix_path.dsv
[0.733s] -- Installing: /home/steven/dev_ws/src/my_package2/install/my_package2/share/my_package2/environment/path.sh
[0.733s] -- Installing: /home/steven/dev_ws/src/my_package2/install/my_package2/share/my_package2/environment/path.dsv
[0.733s] -- Installing: /home/steven/dev_ws/src/my_package2/install/my_package2/share/my_package2/local_setup.bash
[0.733s] -- Installing: /home/steven/dev_ws/src/my_package2/install/my_package2/share/my_package2/local_setup.sh
[0.733s] -- Installing: /home/steven/dev_ws/src/my_package2/install/my_package2/share/my_package2/local_setup.zsh
[0.734s] -- Installing: /home/steven/dev_ws/src/my_package2/install/my_package2/share/my_package2/local_setup.dsv
[0.734s] -- Installing: /home/steven/dev_ws/src/my_package2/install/my_package2/share/my_package2/package.dsv
[0.734s] -- Installing: /home/steven/dev_ws/src/my_package2/install/my_package2/share/ament_index/resource_index/packages/my_package2
[0.734s] -- Installing: /home/steven/dev_ws/src/my_package2/install/my_package2/share/my_package2/cmake/my_package2Config.cmake
[0.735s] -- Installing: /home/steven/dev_ws/src/my_package2/install/my_package2/share/my_package2/cmake/my_package2Config-version.cmake
[0.735s] -- Installing: /home/steven/dev_ws/src/my_package2/install/my_package2/share/my_package2/package.xml
[0.738s] Invoked command in '/home/steven/dev_ws/src/my_package2/build/my_package2' returned '0': CMAKE_PREFIX_PATH=/opt/ros/humble /usr/bin/cmake --install /home/steven/dev_ws/src/my_package2/build/my_package2
